INFO:load_data:开始执行
INFO:load_data:加载文档：small_test.conll
DEBUG:jieba:Building prefix dict from the default dictionary ...
DEBUG:jieba:Loading model from cache /tmp/jieba.cache
DEBUG:jieba:Loading model cost 0.218 seconds.
DEBUG:jieba:Prefix dict has been built succesfully.
INFO:load_data:加载文档完毕！此文档共有2个doc对象
INFO:load_data:结束执行
INFO:load_data:开始执行
INFO:load_data:加载文档：small_test.conll
DEBUG:jieba:Building prefix dict from the default dictionary ...
DEBUG:jieba:Loading model from cache /tmp/jieba.cache
DEBUG:jieba:Loading model cost 0.224 seconds.
DEBUG:jieba:Prefix dict has been built succesfully.
INFO:load_data:加载文档完毕！此文档共有2个doc对象
INFO:load_data:结束执行
INFO:load_data:开始执行
INFO:load_data:加载文档：small_test.conll
DEBUG:jieba:Building prefix dict from the default dictionary ...
DEBUG:jieba:Loading model from cache /tmp/jieba.cache
DEBUG:jieba:Loading model cost 0.333 seconds.
DEBUG:jieba:Prefix dict has been built succesfully.
INFO:load_data:加载文档完毕！此文档共有2个doc对象
INFO:load_data:开始执行
INFO:load_data:加载文档：small_test.conll
DEBUG:jieba:Building prefix dict from the default dictionary ...
DEBUG:jieba:Loading model from cache /tmp/jieba.cache
DEBUG:jieba:Loading model cost 0.319 seconds.
DEBUG:jieba:Prefix dict has been built succesfully.
INFO:load_data:开始执行
INFO:load_data:加载文档：small_test.conll
DEBUG:jieba:Building prefix dict from the default dictionary ...
DEBUG:jieba:Loading model from cache /tmp/jieba.cache
DEBUG:jieba:Loading model cost 0.320 seconds.
DEBUG:jieba:Prefix dict has been built succesfully.
INFO:load_data:加载文档完毕！此文档共有2个doc对象
INFO:load_data:加载文档：small_test.conll
DEBUG:jieba:Building prefix dict from the default dictionary ...
DEBUG:jieba:Loading model from cache /tmp/jieba.cache
DEBUG:jieba:Loading model cost 0.259 seconds.
DEBUG:jieba:Prefix dict has been built succesfully.
INFO:load_data:加载文档完毕！此文档共有2个doc对象
INFO:load_data:加载文档：small_test.conll
DEBUG:jieba:Building prefix dict from the default dictionary ...
DEBUG:jieba:Loading model from cache /tmp/jieba.cache
DEBUG:jieba:Loading model cost 0.218 seconds.
DEBUG:jieba:Prefix dict has been built succesfully.
INFO:load_data:加载文档完毕！此文档共有2个doc对象
INFO:load_data:加载文档：small_test.conll
DEBUG:jieba:Building prefix dict from the default dictionary ...
DEBUG:jieba:Loading model from cache /tmp/jieba.cache
DEBUG:jieba:Loading model cost 0.214 seconds.
DEBUG:jieba:Prefix dict has been built succesfully.
INFO:load_data:加载文档完毕！此文档共有2个doc对象
INFO:load_data:加载文档：small_test.conll
DEBUG:jieba:Building prefix dict from the default dictionary ...
DEBUG:jieba:Loading model from cache /tmp/jieba.cache
DEBUG:jieba:Loading model cost 0.326 seconds.
DEBUG:jieba:Prefix dict has been built succesfully.
INFO:load_data:加载文档完毕！此文档共有2个doc对象
INFO:load_data:加载文档：test.v4_gold_conll
DEBUG:jieba:Building prefix dict from the default dictionary ...
DEBUG:jieba:Loading model from cache /tmp/jieba.cache
DEBUG:jieba:Loading model cost 0.219 seconds.
DEBUG:jieba:Prefix dict has been built succesfully.
INFO:load_data:加载文档完毕！此文档共有1个doc对象
INFO:load_data:加载文档：test.v4_gold_conll
DEBUG:jieba:Building prefix dict from the default dictionary ...
DEBUG:jieba:Loading model from cache /tmp/jieba.cache
DEBUG:jieba:Loading model cost 0.298 seconds.
DEBUG:jieba:Prefix dict has been built succesfully.
INFO:load_data:加载文档完毕！此文档共有1个doc对象
INFO:load_data:加载文档：test.v4_gold_conll
DEBUG:jieba:Building prefix dict from the default dictionary ...
DEBUG:jieba:Loading model from cache /tmp/jieba.cache
DEBUG:jieba:Loading model cost 0.291 seconds.
DEBUG:jieba:Prefix dict has been built succesfully.
INFO:load_data:加载文档完毕！此文档共有1个doc对象
INFO:load_data:加载文档：test.v4_gold_conll
DEBUG:jieba:Building prefix dict from the default dictionary ...
DEBUG:jieba:Loading model from cache /tmp/jieba.cache
DEBUG:jieba:Loading model cost 0.299 seconds.
DEBUG:jieba:Prefix dict has been built succesfully.
INFO:load_data:加载文档完毕！此文档共有1个doc对象
