INFO:CoNLL_Data_Loader:(CR)加载文档：/opt/tmp/DataSets/conll_test/test/vom_0289_000.v4_gold_conll
DEBUG:jieba:Building prefix dict from the default dictionary ...
DEBUG:jieba:Loading model from cache /tmp/jieba.cache
DEBUG:jieba:Loading model cost 0.292 seconds.
DEBUG:jieba:Prefix dict has been built succesfully.
INFO:CoNLL_Data_Loader:(CR)加载文档完毕！此文档共有1个doc对象
INFO:CoNLL_Data_Loader:(CR)加载数据用时： 0.4888 s

INFO:Coreference_Sieves_Order:Run <function test_sieve at 0x7fbe84ce85f0>

INFO:Sieve_Timer:test_sieve 用时: 0.00000 s

INFO:Coreference_Sieves_Order:Run <function exact_match at 0x7fbe84ce86e0>

INFO:设置共指:条件1， 埃斯特拉达(m_id:4, old_e_id:-1) , 埃斯特拉达(m_id:5, old_e_id:-1)now_e_id: E_5
INFO:multi_sieve:修饰语： No-modifier No-modifier
INFO:multi_sieve:限定词： No-determiner No-determiner
INFO:设置共指:条件3， 埃斯特拉达(m_id:5, old_e_id:E_5) , 埃斯特拉达(m_id:9, old_e_id:-1)now_e_id: E_5
INFO:multi_sieve:修饰语： No-modifier No-modifier
INFO:multi_sieve:限定词： No-determiner No-determiner
INFO:设置共指:条件1， 菲律宾(m_id:0, old_e_id:-1) , 菲律宾(m_id:10, old_e_id:-1)now_e_id: E_10
INFO:multi_sieve:修饰语： No-modifier No-modifier
INFO:multi_sieve:限定词： No-determiner No-determiner
INFO:设置共指:条件3， 埃斯特拉达(m_id:5, old_e_id:E_5) , 埃斯特拉达(m_id:12, old_e_id:-1)now_e_id: E_5
INFO:multi_sieve:修饰语： No-modifier No-modifier
INFO:multi_sieve:限定词： No-determiner No-determiner
INFO:设置共指:条件1， 星期五(m_id:6, old_e_id:-1) , 星期五(m_id:14, old_e_id:-1)now_e_id: E_14
INFO:multi_sieve:修饰语： No-modifier No-modifier
INFO:multi_sieve:限定词： No-determiner No-determiner
INFO:设置共指:条件3， 埃斯特拉达(m_id:12, old_e_id:E_5) , 埃斯特拉达(m_id:16, old_e_id:-1)now_e_id: E_5
INFO:multi_sieve:修饰语： No-modifier No-modifier
INFO:multi_sieve:限定词： No-determiner No-determiner
INFO:设置共指:条件3， 菲律宾(m_id:10, old_e_id:E_10) , 菲律宾(m_id:17, old_e_id:-1)now_e_id: E_10
INFO:multi_sieve:修饰语： No-modifier No-modifier
INFO:multi_sieve:限定词： No-determiner No-determiner
INFO:Sieve_Timer:exact_match 用时: 0.00239 s

INFO:Coreference_Sieves_Order:Run <function strict_head_matching_A at 0x7fbe84ce8c80>

INFO:Sieve_Timer:strict_head_matching_A 用时: 0.05024 s

INFO:Coreference_Sieves_Order:Run <function strict_head_matching_B at 0x7fbe84cf3050>

INFO:设置共指:条件2， 菲律宾总统埃斯特拉达(m_id:1, old_e_id:-1) , 埃斯特拉达(m_id:4, old_e_id:E_5)now_e_id: E_5
INFO:设置共指:条件4，没处理 菲律宾总统埃斯特拉达(m_id:1, old_e_id:E_5) , 埃斯特拉达(m_id:5, old_e_id:E_5)
INFO:设置共指:条件1， 特别总统选举(m_id:3, old_e_id:-1) , 选举(m_id:8, old_e_id:-1)now_e_id: E_8
INFO:设置共指:条件4，没处理 埃斯特拉达(m_id:5, old_e_id:E_5) , 埃斯特拉达(m_id:9, old_e_id:E_5)
INFO:设置共指:条件4，没处理 菲律宾(m_id:0, old_e_id:E_10) , 菲律宾(m_id:10, old_e_id:E_10)
INFO:设置共指:条件4，没处理 埃斯特拉达(m_id:5, old_e_id:E_5) , 埃斯特拉达(m_id:12, old_e_id:E_5)
INFO:设置共指:条件4，没处理 星期五(m_id:6, old_e_id:E_14) , 星期五(m_id:14, old_e_id:E_14)
INFO:设置共指:条件4，没处理 埃斯特拉达(m_id:12, old_e_id:E_5) , 埃斯特拉达(m_id:16, old_e_id:E_5)
INFO:设置共指:条件4，没处理 菲律宾(m_id:10, old_e_id:E_10) , 菲律宾(m_id:17, old_e_id:E_10)
INFO:Sieve_Timer:strict_head_matching_B 用时: 0.03129 s

INFO:Coreference_Sieves_Order:Run <function strict_head_matching_C at 0x7fbe84cf31b8>

INFO:Sieve_Timer:strict_head_matching_C 用时: 0.00356 s

INFO:Coreference_Sieves_Order:Run <function proper_header_word_match_sieve at 0x7fbe84cf3668>

INFO:设置共指:条件4，没处理 菲律宾总统埃斯特拉达(m_id:1, old_e_id:E_5) , 埃斯特拉达(m_id:4, old_e_id:E_5)
INFO:设置共指:条件4，没处理 菲律宾总统埃斯特拉达(m_id:1, old_e_id:E_5) , 埃斯特拉达(m_id:5, old_e_id:E_5)
INFO:设置共指:条件4，没处理 特别总统选举(m_id:3, old_e_id:E_8) , 选举(m_id:8, old_e_id:E_8)
INFO:设置共指:条件4，没处理 埃斯特拉达(m_id:5, old_e_id:E_5) , 埃斯特拉达(m_id:9, old_e_id:E_5)
INFO:设置共指:条件4，没处理 菲律宾(m_id:0, old_e_id:E_10) , 菲律宾(m_id:10, old_e_id:E_10)
INFO:设置共指:条件4，没处理 埃斯特拉达(m_id:5, old_e_id:E_5) , 埃斯特拉达(m_id:12, old_e_id:E_5)
INFO:设置共指:条件4，没处理 星期五(m_id:6, old_e_id:E_14) , 星期五(m_id:14, old_e_id:E_14)
INFO:设置共指:条件4，没处理 埃斯特拉达(m_id:12, old_e_id:E_5) , 埃斯特拉达(m_id:16, old_e_id:E_5)
INFO:设置共指:条件4，没处理 菲律宾(m_id:10, old_e_id:E_10) , 菲律宾(m_id:17, old_e_id:E_10)
INFO:Sieve_Timer:proper_header_word_match_sieve 用时: 0.00080 s

INFO:Coreference_Sieves_Order:Run <function precise_constructs at 0x7fbe84ce88c0>

INFO:设置共指:条件4，没处理 菲律宾总统埃斯特拉达(m_id:1, old_e_id:E_5) , 埃斯特拉达(m_id:4, old_e_id:E_5)
INFO:设置共指:条件4，没处理 埃斯特拉达(m_id:5, old_e_id:E_5) , 埃斯特拉达(m_id:9, old_e_id:E_5)
INFO:设置共指:条件2， 菲律宾武装部队总参谋长雷耶斯(m_id:11, old_e_id:-1) , 埃斯特拉达(m_id:12, old_e_id:E_5)now_e_id: E_5
INFO:设置共指:条件2， 雷耶斯将军(m_id:15, old_e_id:-1) , 埃斯特拉达(m_id:16, old_e_id:E_5)now_e_id: E_5
INFO:Sieve_Timer:precise_constructs 用时: 0.00113 s

INFO:Coreference_Sieves_Order:Run <function relaxing_head_matching at 0x7fbe84cf3320>

INFO:设置共指:条件4，没处理 菲律宾总统埃斯特拉达(m_id:1, old_e_id:E_5) , 埃斯特拉达(m_id:4, old_e_id:E_5)
INFO:设置共指:条件4，没处理 菲律宾总统埃斯特拉达(m_id:1, old_e_id:E_5) , 埃斯特拉达(m_id:5, old_e_id:E_5)
INFO:设置共指:条件4，没处理 埃斯特拉达(m_id:4, old_e_id:E_5) , 埃斯特拉达(m_id:5, old_e_id:E_5)
INFO:设置共指:条件4，没处理 特别总统选举(m_id:3, old_e_id:E_8) , 选举(m_id:8, old_e_id:E_8)
INFO:设置共指:条件4，没处理 埃斯特拉达(m_id:5, old_e_id:E_5) , 埃斯特拉达(m_id:9, old_e_id:E_5)
INFO:设置共指:条件4，没处理 菲律宾总统埃斯特拉达(m_id:1, old_e_id:E_5) , 埃斯特拉达(m_id:9, old_e_id:E_5)
INFO:设置共指:条件4，没处理 埃斯特拉达(m_id:4, old_e_id:E_5) , 埃斯特拉达(m_id:9, old_e_id:E_5)
INFO:设置共指:条件4，没处理 埃斯特拉达(m_id:5, old_e_id:E_5) , 埃斯特拉达(m_id:12, old_e_id:E_5)
INFO:设置共指:条件4，没处理 埃斯特拉达(m_id:9, old_e_id:E_5) , 埃斯特拉达(m_id:12, old_e_id:E_5)
INFO:设置共指:条件4，没处理 菲律宾总统埃斯特拉达(m_id:1, old_e_id:E_5) , 埃斯特拉达(m_id:12, old_e_id:E_5)
INFO:设置共指:条件4，没处理 埃斯特拉达(m_id:4, old_e_id:E_5) , 埃斯特拉达(m_id:12, old_e_id:E_5)
INFO:设置共指:条件1， 他本人(m_id:7, old_e_id:-1) , 他(m_id:13, old_e_id:-1)now_e_id: E_13
INFO:设置共指:条件4，没处理 星期五(m_id:6, old_e_id:E_14) , 星期五(m_id:14, old_e_id:E_14)
INFO:设置共指:条件4，没处理 埃斯特拉达(m_id:12, old_e_id:E_5) , 埃斯特拉达(m_id:16, old_e_id:E_5)
INFO:设置共指:条件4，没处理 埃斯特拉达(m_id:5, old_e_id:E_5) , 埃斯特拉达(m_id:16, old_e_id:E_5)
INFO:设置共指:条件4，没处理 埃斯特拉达(m_id:9, old_e_id:E_5) , 埃斯特拉达(m_id:16, old_e_id:E_5)
INFO:设置共指:条件4，没处理 菲律宾总统埃斯特拉达(m_id:1, old_e_id:E_5) , 埃斯特拉达(m_id:16, old_e_id:E_5)
INFO:设置共指:条件4，没处理 埃斯特拉达(m_id:4, old_e_id:E_5) , 埃斯特拉达(m_id:16, old_e_id:E_5)
INFO:设置共指:条件4，没处理 菲律宾(m_id:0, old_e_id:E_10) , 菲律宾(m_id:17, old_e_id:E_10)
INFO:Sieve_Timer:relaxing_head_matching 用时: 0.05404 s

INFO:Coreference_Sieves_Order:Run <function discourse_processing at 0x7fbe84cf3500>

INFO:Sieve_Timer:discourse_processing 用时: 0.00011 s

INFO:Coreference_Sieves_Order:Run <function pronoun_sieve at 0x7fbe84cf3410>

INFO:设置共指:条件3， 菲律宾总统埃斯特拉达(m_id:1, old_e_id:E_5) , 他(m_id:2, old_e_id:-1)now_e_id: E_5
INFO:设置共指:条件5，合并cluster 菲律宾武装部队总参谋长雷耶斯(m_id:11, old_e_id:E_5) , 他(m_id:13, old_e_id:E_13)
INFO:设置共指:条件4，没处理 埃斯特拉达(m_id:12, old_e_id:E_13) , 他(m_id:13, old_e_id:E_13)
INFO:设置共指:条件4，没处理 埃斯特拉达(m_id:5, old_e_id:E_13) , 他(m_id:13, old_e_id:E_13)
INFO:设置共指:条件4，没处理 他本人(m_id:7, old_e_id:E_13) , 他(m_id:13, old_e_id:E_13)
INFO:设置共指:条件4，没处理 埃斯特拉达(m_id:9, old_e_id:E_13) , 他(m_id:13, old_e_id:E_13)
INFO:设置共指:条件4，没处理 菲律宾总统埃斯特拉达(m_id:1, old_e_id:E_13) , 他(m_id:13, old_e_id:E_13)
INFO:设置共指:条件4，没处理 埃斯特拉达(m_id:4, old_e_id:E_13) , 他(m_id:13, old_e_id:E_13)
INFO:Sieve_Timer:pronoun_sieve 用时: 0.00047 s

INFO:Coreference_Sieves_Order:Run <function other_sieve at 0x7fbe84cf3848>

INFO:Sieve_Timer:other_sieve 用时: 0.00001 s

INFO:Coreference_Sieves_Order:-------处理完毕，结果写入 /opt/tmp/DataSets/conll_test/result/vom_0289_000.v4_result_conll-------


INFO:CoNLL_Data_Loader:(CR)加载文档：/opt/tmp/DataSets/conll_test/test/cbs_0039_000.v4_gold_conll
INFO:CoNLL_Data_Loader:(CR)加载文档完毕！此文档共有1个doc对象
INFO:CoNLL_Data_Loader:(CR)加载数据用时： 0.2616 s

INFO:Coreference_Sieves_Order:Run <function test_sieve at 0x7fbe84ce85f0>

INFO:Sieve_Timer:test_sieve 用时: 0.00001 s

INFO:Coreference_Sieves_Order:Run <function exact_match at 0x7fbe84ce86e0>

INFO:设置共指:条件1， 菲律宾(m_id:0, old_e_id:-1) , 菲律宾(m_id:2, old_e_id:-1)now_e_id: E_2
INFO:multi_sieve:修饰语： No-modifier No-modifier
INFO:multi_sieve:限定词： No-determiner No-determiner
INFO:设置共指:条件3， 菲律宾(m_id:0, old_e_id:E_2) , 菲律宾(m_id:7, old_e_id:-1)now_e_id: E_2
INFO:multi_sieve:修饰语： No-modifier No-modifier
INFO:multi_sieve:限定词： No-determiner No-determiner
INFO:设置共指:条件1， 马尼拉(m_id:8, old_e_id:-1) , 马尼拉(m_id:12, old_e_id:-1)now_e_id: E_12
INFO:multi_sieve:修饰语： No-modifier No-modifier
INFO:multi_sieve:限定词： No-determiner No-determiner
INFO:设置共指:条件3， 菲律宾(m_id:7, old_e_id:E_2) , 菲律宾(m_id:14, old_e_id:-1)now_e_id: E_2
INFO:multi_sieve:修饰语： No-modifier No-modifier
INFO:multi_sieve:限定词： No-determiner No-determiner
INFO:设置共指:条件3， 马尼拉(m_id:12, old_e_id:E_12) , 马尼拉(m_id:15, old_e_id:-1)now_e_id: E_12
INFO:multi_sieve:修饰语： No-modifier No-modifier
INFO:multi_sieve:限定词： No-determiner No-determiner
INFO:设置共指:条件1， 民航局(m_id:13, old_e_id:-1) , 民航局(m_id:16, old_e_id:-1)now_e_id: E_16
INFO:multi_sieve:修饰语： No-modifier No-modifier
INFO:multi_sieve:限定词： No-determiner No-determiner
INFO:设置共指:条件3， 菲律宾(m_id:14, old_e_id:E_2) , 菲律宾(m_id:18, old_e_id:-1)now_e_id: E_2
INFO:multi_sieve:修饰语： No-modifier No-modifier
INFO:multi_sieve:限定词： No-determiner No-determiner
INFO:Sieve_Timer:exact_match 用时: 0.00277 s

INFO:Coreference_Sieves_Order:Run <function strict_head_matching_A at 0x7fbe84ce8c80>

INFO:Sieve_Timer:strict_head_matching_A 用时: 0.06037 s

INFO:Coreference_Sieves_Order:Run <function strict_head_matching_B at 0x7fbe84cf3050>

INFO:设置共指:条件4，没处理 菲律宾(m_id:0, old_e_id:E_2) , 菲律宾(m_id:2, old_e_id:E_2)
INFO:设置共指:条件4，没处理 菲律宾(m_id:0, old_e_id:E_2) , 菲律宾(m_id:7, old_e_id:E_2)
INFO:设置共指:条件1， 尚神台风(m_id:5, old_e_id:-1) , 台风(m_id:10, old_e_id:-1)now_e_id: E_10
INFO:设置共指:条件4，没处理 马尼拉(m_id:8, old_e_id:E_12) , 马尼拉(m_id:12, old_e_id:E_12)
INFO:设置共指:条件2， 菲律宾民航局(m_id:4, old_e_id:-1) , 民航局(m_id:13, old_e_id:E_16)now_e_id: E_16
INFO:设置共指:条件4，没处理 菲律宾(m_id:7, old_e_id:E_2) , 菲律宾(m_id:14, old_e_id:E_2)
INFO:设置共指:条件4，没处理 马尼拉(m_id:12, old_e_id:E_12) , 马尼拉(m_id:15, old_e_id:E_12)
INFO:设置共指:条件4，没处理 民航局(m_id:13, old_e_id:E_16) , 民航局(m_id:16, old_e_id:E_16)
INFO:设置共指:条件3， 台风(m_id:10, old_e_id:E_10) , 尚神台风(m_id:17, old_e_id:-1)now_e_id: E_10
INFO:设置共指:条件4，没处理 菲律宾(m_id:14, old_e_id:E_2) , 菲律宾(m_id:18, old_e_id:E_2)
INFO:Sieve_Timer:strict_head_matching_B 用时: 0.03896 s

INFO:Coreference_Sieves_Order:Run <function strict_head_matching_C at 0x7fbe84cf31b8>

INFO:Sieve_Timer:strict_head_matching_C 用时: 0.00388 s

INFO:Coreference_Sieves_Order:Run <function proper_header_word_match_sieve at 0x7fbe84cf3668>

INFO:设置共指:条件4，没处理 菲律宾(m_id:0, old_e_id:E_2) , 菲律宾(m_id:2, old_e_id:E_2)
INFO:设置共指:条件1， 超过１３万人(m_id:3, old_e_id:-1) , ２７９４５户，总共１３３７６１人(m_id:6, old_e_id:-1)now_e_id: E_6
INFO:设置共指:条件4，没处理 菲律宾(m_id:0, old_e_id:E_2) , 菲律宾(m_id:7, old_e_id:E_2)
INFO:设置共指:条件4，没处理 尚神台风(m_id:5, old_e_id:E_10) , 台风(m_id:10, old_e_id:E_10)
INFO:设置共指:条件4，没处理 马尼拉(m_id:8, old_e_id:E_12) , 马尼拉(m_id:12, old_e_id:E_12)
INFO:设置共指:条件4，没处理 菲律宾民航局(m_id:4, old_e_id:E_16) , 民航局(m_id:13, old_e_id:E_16)
INFO:设置共指:条件4，没处理 菲律宾(m_id:7, old_e_id:E_2) , 菲律宾(m_id:14, old_e_id:E_2)
INFO:设置共指:条件4，没处理 马尼拉(m_id:12, old_e_id:E_12) , 马尼拉(m_id:15, old_e_id:E_12)
INFO:设置共指:条件4，没处理 民航局(m_id:13, old_e_id:E_16) , 民航局(m_id:16, old_e_id:E_16)
INFO:设置共指:条件4，没处理 台风(m_id:10, old_e_id:E_10) , 尚神台风(m_id:17, old_e_id:E_10)
INFO:设置共指:条件4，没处理 菲律宾(m_id:14, old_e_id:E_2) , 菲律宾(m_id:18, old_e_id:E_2)
INFO:Sieve_Timer:proper_header_word_match_sieve 用时: 0.00096 s

INFO:Coreference_Sieves_Order:Run <function precise_constructs at 0x7fbe84ce88c0>

INFO:设置共指:条件5，合并cluster 民航局(m_id:13, old_e_id:E_16) , 马尼拉(m_id:15, old_e_id:E_12)
INFO:Sieve_Timer:precise_constructs 用时: 0.00071 s

INFO:Coreference_Sieves_Order:Run <function relaxing_head_matching at 0x7fbe84cf3320>

INFO:设置共指:条件4，没处理 菲律宾(m_id:0, old_e_id:E_2) , 菲律宾(m_id:2, old_e_id:E_2)
INFO:设置共指:条件2， 中度台风尚神(m_id:1, old_e_id:-1) , 尚神台风(m_id:5, old_e_id:E_10)now_e_id: E_10
INFO:设置共指:条件4，没处理 菲律宾(m_id:0, old_e_id:E_2) , 菲律宾(m_id:7, old_e_id:E_2)
INFO:设置共指:条件4，没处理 菲律宾(m_id:2, old_e_id:E_2) , 菲律宾(m_id:7, old_e_id:E_2)
INFO:设置共指:条件4，没处理 尚神台风(m_id:5, old_e_id:E_10) , 台风(m_id:10, old_e_id:E_10)
INFO:设置共指:条件4，没处理 中度台风尚神(m_id:1, old_e_id:E_10) , 台风(m_id:10, old_e_id:E_10)
INFO:设置共指:条件4，没处理 马尼拉(m_id:8, old_e_id:E_12) , 马尼拉(m_id:12, old_e_id:E_12)
INFO:设置共指:条件4，没处理 菲律宾民航局(m_id:4, old_e_id:E_12) , 民航局(m_id:13, old_e_id:E_12)
INFO:设置共指:条件4，没处理 菲律宾(m_id:7, old_e_id:E_2) , 菲律宾(m_id:14, old_e_id:E_2)
INFO:设置共指:条件4，没处理 马尼拉(m_id:12, old_e_id:E_12) , 马尼拉(m_id:15, old_e_id:E_12)
INFO:设置共指:条件4，没处理 马尼拉(m_id:8, old_e_id:E_12) , 马尼拉(m_id:15, old_e_id:E_12)
INFO:设置共指:条件4，没处理 民航局(m_id:13, old_e_id:E_12) , 民航局(m_id:16, old_e_id:E_12)
INFO:设置共指:条件4，没处理 台风(m_id:10, old_e_id:E_10) , 尚神台风(m_id:17, old_e_id:E_10)
INFO:设置共指:条件4，没处理 菲律宾(m_id:14, old_e_id:E_2) , 菲律宾(m_id:18, old_e_id:E_2)
INFO:设置共指:条件4，没处理 菲律宾(m_id:7, old_e_id:E_2) , 菲律宾(m_id:18, old_e_id:E_2)
INFO:Sieve_Timer:relaxing_head_matching 用时: 0.05616 s

INFO:Coreference_Sieves_Order:Run <function discourse_processing at 0x7fbe84cf3500>

INFO:Sieve_Timer:discourse_processing 用时: 0.00013 s

INFO:Coreference_Sieves_Order:Run <function pronoun_sieve at 0x7fbe84cf3410>

INFO:Sieve_Timer:pronoun_sieve 用时: 0.00001 s

INFO:Coreference_Sieves_Order:Run <function other_sieve at 0x7fbe84cf3848>

INFO:Sieve_Timer:other_sieve 用时: 0.00001 s

INFO:Coreference_Sieves_Order:-------处理完毕，结果写入 /opt/tmp/DataSets/conll_test/result/cbs_0039_000.v4_result_conll-------


INFO:CoNLL_Data_Loader:(CR)加载文档：/opt/tmp/DataSets/conll_test/test/cnr_0119_000.v4_gold_conll
INFO:CoNLL_Data_Loader:(CR)加载文档完毕！此文档共有1个doc对象
INFO:CoNLL_Data_Loader:(CR)加载数据用时： 0.1678 s

INFO:Coreference_Sieves_Order:Run <function test_sieve at 0x7fbe84ce85f0>

INFO:Sieve_Timer:test_sieve 用时: 0.00000 s

INFO:Coreference_Sieves_Order:Run <function exact_match at 0x7fbe84ce86e0>

INFO:设置共指:条件1， 去年(m_id:2, old_e_id:-1) , 去年(m_id:8, old_e_id:-1)now_e_id: E_8
INFO:multi_sieve:修饰语： No-modifier No-modifier
INFO:multi_sieve:限定词： No-determiner No-determiner
INFO:设置共指:条件3， 去年(m_id:8, old_e_id:E_8) , 去年(m_id:12, old_e_id:-1)now_e_id: E_8
INFO:multi_sieve:修饰语： No-modifier No-modifier
INFO:multi_sieve:限定词： No-determiner No-determiner
INFO:Sieve_Timer:exact_match 用时: 0.00120 s

INFO:Coreference_Sieves_Order:Run <function strict_head_matching_A at 0x7fbe84ce8c80>

INFO:Sieve_Timer:strict_head_matching_A 用时: 0.02505 s

INFO:Coreference_Sieves_Order:Run <function strict_head_matching_B at 0x7fbe84cf3050>

INFO:设置共指:条件1， 本溪(m_id:0, old_e_id:-1) , 老工业基地本溪(m_id:4, old_e_id:-1)now_e_id: E_4
INFO:设置共指:条件1， 辽宁省本溪市(m_id:1, old_e_id:-1) , 本溪市(m_id:5, old_e_id:-1)now_e_id: E_5
INFO:设置共指:条件1， 养老保险金(m_id:6, old_e_id:-1) , 社会养老保险金(m_id:7, old_e_id:-1)now_e_id: E_7
INFO:设置共指:条件4，没处理 去年(m_id:2, old_e_id:E_8) , 去年(m_id:8, old_e_id:E_8)
INFO:设置共指:条件3， 养老保险金(m_id:6, old_e_id:E_7) , 企业基本养老保险金(m_id:10, old_e_id:-1)now_e_id: E_7
INFO:设置共指:条件1， 职工基本养老金(m_id:3, old_e_id:-1) , 养老金(m_id:11, old_e_id:-1)now_e_id: E_11
INFO:设置共指:条件4，没处理 去年(m_id:8, old_e_id:E_8) , 去年(m_id:12, old_e_id:E_8)
INFO:Sieve_Timer:strict_head_matching_B 用时: 0.01415 s

INFO:Coreference_Sieves_Order:Run <function strict_head_matching_C at 0x7fbe84cf31b8>

INFO:Sieve_Timer:strict_head_matching_C 用时: 0.00234 s

INFO:Coreference_Sieves_Order:Run <function proper_header_word_match_sieve at 0x7fbe84cf3668>

INFO:设置共指:条件4，没处理 本溪(m_id:0, old_e_id:E_4) , 老工业基地本溪(m_id:4, old_e_id:E_4)
INFO:设置共指:条件4，没处理 辽宁省本溪市(m_id:1, old_e_id:E_5) , 本溪市(m_id:5, old_e_id:E_5)
INFO:设置共指:条件4，没处理 养老保险金(m_id:6, old_e_id:E_7) , 社会养老保险金(m_id:7, old_e_id:E_7)
INFO:设置共指:条件4，没处理 去年(m_id:2, old_e_id:E_8) , 去年(m_id:8, old_e_id:E_8)
INFO:设置共指:条件4，没处理 养老保险金(m_id:6, old_e_id:E_7) , 企业基本养老保险金(m_id:10, old_e_id:E_7)
INFO:设置共指:条件4，没处理 职工基本养老金(m_id:3, old_e_id:E_11) , 养老金(m_id:11, old_e_id:E_11)
INFO:设置共指:条件4，没处理 去年(m_id:8, old_e_id:E_8) , 去年(m_id:12, old_e_id:E_8)
INFO:Sieve_Timer:proper_header_word_match_sieve 用时: 0.00063 s

INFO:Coreference_Sieves_Order:Run <function precise_constructs at 0x7fbe84ce88c0>

INFO:Sieve_Timer:precise_constructs 用时: 0.00045 s

INFO:Coreference_Sieves_Order:Run <function relaxing_head_matching at 0x7fbe84cf3320>

INFO:设置共指:条件5，合并cluster 本溪(m_id:0, old_e_id:E_4) , 辽宁省本溪市(m_id:1, old_e_id:E_5)
INFO:设置共指:条件4，没处理 本溪(m_id:0, old_e_id:E_5) , 老工业基地本溪(m_id:4, old_e_id:E_5)
INFO:设置共指:条件4，没处理 本溪(m_id:0, old_e_id:E_5) , 本溪市(m_id:5, old_e_id:E_5)
INFO:设置共指:条件4，没处理 辽宁省本溪市(m_id:1, old_e_id:E_5) , 本溪市(m_id:5, old_e_id:E_5)
INFO:设置共指:条件4，没处理 养老保险金(m_id:6, old_e_id:E_7) , 社会养老保险金(m_id:7, old_e_id:E_7)
INFO:设置共指:条件4，没处理 养老保险金(m_id:6, old_e_id:E_7) , 企业基本养老保险金(m_id:10, old_e_id:E_7)
INFO:设置共指:条件5，合并cluster 企业基本养老保险金(m_id:10, old_e_id:E_7) , 养老金(m_id:11, old_e_id:E_11)
INFO:设置共指:条件4，没处理 养老保险金(m_id:6, old_e_id:E_11) , 养老金(m_id:11, old_e_id:E_11)
INFO:设置共指:条件4，没处理 社会养老保险金(m_id:7, old_e_id:E_11) , 养老金(m_id:11, old_e_id:E_11)
INFO:设置共指:条件4，没处理 职工基本养老金(m_id:3, old_e_id:E_11) , 养老金(m_id:11, old_e_id:E_11)
INFO:设置共指:条件4，没处理 去年(m_id:2, old_e_id:E_8) , 去年(m_id:12, old_e_id:E_8)
INFO:Sieve_Timer:relaxing_head_matching 用时: 0.02350 s

INFO:Coreference_Sieves_Order:Run <function discourse_processing at 0x7fbe84cf3500>

INFO:Sieve_Timer:discourse_processing 用时: 0.00005 s

INFO:Coreference_Sieves_Order:Run <function pronoun_sieve at 0x7fbe84cf3410>

INFO:Sieve_Timer:pronoun_sieve 用时: 0.00001 s

INFO:Coreference_Sieves_Order:Run <function other_sieve at 0x7fbe84cf3848>

INFO:Sieve_Timer:other_sieve 用时: 0.00001 s

INFO:Coreference_Sieves_Order:-------处理完毕，结果写入 /opt/tmp/DataSets/conll_test/result/cnr_0119_000.v4_result_conll-------


INFO:CoNLL_Data_Loader:(CR)加载文档：/opt/tmp/DataSets/conll_test/test/cnr_0049_000.v4_gold_conll
INFO:CoNLL_Data_Loader:(CR)加载文档完毕！此文档共有1个doc对象
INFO:CoNLL_Data_Loader:(CR)加载数据用时： 0.1582 s

INFO:Coreference_Sieves_Order:Run <function test_sieve at 0x7fbe84ce85f0>

INFO:Sieve_Timer:test_sieve 用时: 0.00000 s

INFO:Coreference_Sieves_Order:Run <function exact_match at 0x7fbe84ce86e0>

INFO:设置共指:条件1， 中国(m_id:2, old_e_id:-1) , 中国(m_id:3, old_e_id:-1)now_e_id: E_3
INFO:multi_sieve:修饰语： No-modifier No-modifier
INFO:multi_sieve:限定词： No-determiner No-determiner
INFO:设置共指:条件3， 中国(m_id:2, old_e_id:E_3) , 中国(m_id:6, old_e_id:-1)now_e_id: E_3
INFO:multi_sieve:修饰语： No-modifier No-modifier
INFO:multi_sieve:限定词： No-determiner No-determiner
INFO:设置共指:条件1， 美国(m_id:5, old_e_id:-1) , 美国(m_id:8, old_e_id:-1)now_e_id: E_8
INFO:multi_sieve:修饰语： No-modifier No-modifier
INFO:multi_sieve:限定词： No-determiner No-determiner
INFO:Sieve_Timer:exact_match 用时: 0.00129 s

INFO:Coreference_Sieves_Order:Run <function strict_head_matching_A at 0x7fbe84ce8c80>

INFO:Sieve_Timer:strict_head_matching_A 用时: 0.02261 s

INFO:Coreference_Sieves_Order:Run <function strict_head_matching_B at 0x7fbe84cf3050>

INFO:设置共指:条件4，没处理 中国(m_id:2, old_e_id:E_3) , 中国(m_id:3, old_e_id:E_3)
INFO:设置共指:条件4，没处理 中国(m_id:2, old_e_id:E_3) , 中国(m_id:6, old_e_id:E_3)
INFO:设置共指:条件4，没处理 美国(m_id:5, old_e_id:E_8) , 美国(m_id:8, old_e_id:E_8)
INFO:设置共指:条件1， 中国国家主席江泽民(m_id:7, old_e_id:-1) , 国家主席江泽民(m_id:9, old_e_id:-1)now_e_id: E_9
INFO:Sieve_Timer:strict_head_matching_B 用时: 0.01874 s

INFO:Coreference_Sieves_Order:Run <function strict_head_matching_C at 0x7fbe84cf31b8>

INFO:Sieve_Timer:strict_head_matching_C 用时: 0.00151 s

INFO:Coreference_Sieves_Order:Run <function proper_header_word_match_sieve at 0x7fbe84cf3668>

INFO:设置共指:条件4，没处理 中国(m_id:2, old_e_id:E_3) , 中国(m_id:3, old_e_id:E_3)
INFO:设置共指:条件4，没处理 中国(m_id:2, old_e_id:E_3) , 中国(m_id:6, old_e_id:E_3)
INFO:设置共指:条件4，没处理 美国(m_id:5, old_e_id:E_8) , 美国(m_id:8, old_e_id:E_8)
INFO:设置共指:条件4，没处理 中国国家主席江泽民(m_id:7, old_e_id:E_9) , 国家主席江泽民(m_id:9, old_e_id:E_9)
INFO:Sieve_Timer:proper_header_word_match_sieve 用时: 0.00039 s

INFO:Coreference_Sieves_Order:Run <function precise_constructs at 0x7fbe84ce88c0>

INFO:Sieve_Timer:precise_constructs 用时: 0.00058 s

INFO:Coreference_Sieves_Order:Run <function relaxing_head_matching at 0x7fbe84cf3320>

INFO:设置共指:条件1， 期盼世界永久和平的诗句——《世界和平圣诗》(m_id:0, old_e_id:-1) , 《世界和平圣诗》(m_id:4, old_e_id:-1)now_e_id: E_4
INFO:设置共指:条件4，没处理 中国(m_id:2, old_e_id:E_3) , 中国(m_id:6, old_e_id:E_3)
INFO:设置共指:条件4，没处理 美国(m_id:5, old_e_id:E_8) , 美国(m_id:8, old_e_id:E_8)
INFO:设置共指:条件4，没处理 中国国家主席江泽民(m_id:7, old_e_id:E_9) , 国家主席江泽民(m_id:9, old_e_id:E_9)
INFO:Sieve_Timer:relaxing_head_matching 用时: 0.02159 s

INFO:Coreference_Sieves_Order:Run <function discourse_processing at 0x7fbe84cf3500>

INFO:Sieve_Timer:discourse_processing 用时: 0.00006 s

INFO:Coreference_Sieves_Order:Run <function pronoun_sieve at 0x7fbe84cf3410>

INFO:Sieve_Timer:pronoun_sieve 用时: 0.00001 s

INFO:Coreference_Sieves_Order:Run <function other_sieve at 0x7fbe84cf3848>

INFO:Sieve_Timer:other_sieve 用时: 0.00001 s

INFO:Coreference_Sieves_Order:-------处理完毕，结果写入 /opt/tmp/DataSets/conll_test/result/cnr_0049_000.v4_result_conll-------


INFO:CoNLL_Data_Loader:(CR)加载文档：/opt/tmp/DataSets/conll_test/test/cnr_0029_000.v4_gold_conll
INFO:CoNLL_Data_Loader:(CR)加载文档完毕！此文档共有1个doc对象
INFO:CoNLL_Data_Loader:(CR)加载数据用时： 0.2928 s

INFO:Coreference_Sieves_Order:Run <function test_sieve at 0x7fbe84ce85f0>

INFO:Sieve_Timer:test_sieve 用时: 0.00000 s

INFO:Coreference_Sieves_Order:Run <function exact_match at 0x7fbe84ce86e0>

INFO:设置共指:条件1， 许运宏(m_id:4, old_e_id:-1) , 许运宏(m_id:9, old_e_id:-1)now_e_id: E_9
INFO:multi_sieve:修饰语： No-modifier No-modifier
INFO:multi_sieve:限定词： No-determiner No-determiner
INFO:设置共指:条件3， 许运宏(m_id:9, old_e_id:E_9) , 许运宏(m_id:13, old_e_id:-1)now_e_id: E_9
INFO:multi_sieve:修饰语： No-modifier No-modifier
INFO:multi_sieve:限定词： No-determiner No-determiner
INFO:设置共指:条件1， 宁波(m_id:1, old_e_id:-1) , 宁波(m_id:14, old_e_id:-1)now_e_id: E_14
INFO:multi_sieve:修饰语： No-modifier 不善
INFO:multi_sieve:限定词： No-determiner No-determiner
INFO:设置共指:条件1， 人民币(m_id:10, old_e_id:-1) , 人民币(m_id:16, old_e_id:-1)now_e_id: E_16
INFO:multi_sieve:修饰语： No-modifier No-modifier
INFO:multi_sieve:限定词： No-determiner No-determiner
INFO:Sieve_Timer:exact_match 用时: 0.00291 s

INFO:Coreference_Sieves_Order:Run <function strict_head_matching_A at 0x7fbe84ce8c80>

INFO:Sieve_Timer:strict_head_matching_A 用时: 0.06722 s

INFO:Coreference_Sieves_Order:Run <function strict_head_matching_B at 0x7fbe84cf3050>

INFO:设置共指:条件1， 杭州市中级人民法院(m_id:0, old_e_id:-1) , 法院(m_id:3, old_e_id:-1)now_e_id: E_3
INFO:设置共指:条件2， 原中共浙江省委常委、宁波市委书记许运宏(m_id:2, old_e_id:-1) , 许运宏(m_id:4, old_e_id:E_9)now_e_id: E_9
INFO:设置共指:条件4，没处理 许运宏(m_id:4, old_e_id:E_9) , 许运宏(m_id:9, old_e_id:E_9)
INFO:设置共指:条件4，没处理 许运宏(m_id:9, old_e_id:E_9) , 许运宏(m_id:13, old_e_id:E_9)
INFO:设置共指:条件4，没处理 宁波(m_id:1, old_e_id:E_14) , 宁波(m_id:14, old_e_id:E_14)
INFO:设置共指:条件4，没处理 人民币(m_id:10, old_e_id:E_16) , 人民币(m_id:16, old_e_id:E_16)
INFO:Sieve_Timer:strict_head_matching_B 用时: 0.05037 s

INFO:Coreference_Sieves_Order:Run <function strict_head_matching_C at 0x7fbe84cf31b8>

INFO:Sieve_Timer:strict_head_matching_C 用时: 0.00569 s

INFO:Coreference_Sieves_Order:Run <function proper_header_word_match_sieve at 0x7fbe84cf3668>

INFO:设置共指:条件4，没处理 杭州市中级人民法院(m_id:0, old_e_id:E_3) , 法院(m_id:3, old_e_id:E_3)
INFO:设置共指:条件4，没处理 原中共浙江省委常委、宁波市委书记许运宏(m_id:2, old_e_id:E_9) , 许运宏(m_id:4, old_e_id:E_9)
INFO:设置共指:条件4，没处理 许运宏(m_id:4, old_e_id:E_9) , 许运宏(m_id:9, old_e_id:E_9)
INFO:设置共指:条件4，没处理 许运宏(m_id:9, old_e_id:E_9) , 许运宏(m_id:13, old_e_id:E_9)
INFO:设置共指:条件4，没处理 宁波(m_id:1, old_e_id:E_14) , 宁波(m_id:14, old_e_id:E_14)
INFO:设置共指:条件4，没处理 人民币(m_id:10, old_e_id:E_16) , 人民币(m_id:16, old_e_id:E_16)
INFO:Sieve_Timer:proper_header_word_match_sieve 用时: 0.00077 s

INFO:Coreference_Sieves_Order:Run <function precise_constructs at 0x7fbe84ce88c0>

INFO:Sieve_Timer:precise_constructs 用时: 0.00110 s

INFO:Coreference_Sieves_Order:Run <function relaxing_head_matching at 0x7fbe84cf3320>

INFO:设置共指:条件4，没处理 杭州市中级人民法院(m_id:0, old_e_id:E_3) , 法院(m_id:3, old_e_id:E_3)
INFO:设置共指:条件4，没处理 原中共浙江省委常委、宁波市委书记许运宏(m_id:2, old_e_id:E_9) , 许运宏(m_id:4, old_e_id:E_9)
INFO:设置共指:条件4，没处理 许运宏(m_id:4, old_e_id:E_9) , 许运宏(m_id:9, old_e_id:E_9)
INFO:设置共指:条件4，没处理 原中共浙江省委常委、宁波市委书记许运宏(m_id:2, old_e_id:E_9) , 许运宏(m_id:9, old_e_id:E_9)
INFO:设置共指:条件4，没处理 许运宏(m_id:9, old_e_id:E_9) , 许运宏(m_id:13, old_e_id:E_9)
INFO:设置共指:条件4，没处理 许运宏(m_id:4, old_e_id:E_9) , 许运宏(m_id:13, old_e_id:E_9)
INFO:设置共指:条件4，没处理 原中共浙江省委常委、宁波市委书记许运宏(m_id:2, old_e_id:E_9) , 许运宏(m_id:13, old_e_id:E_9)
INFO:设置共指:条件4，没处理 宁波(m_id:1, old_e_id:E_14) , 宁波(m_id:14, old_e_id:E_14)
INFO:设置共指:条件4，没处理 人民币(m_id:10, old_e_id:E_16) , 人民币(m_id:16, old_e_id:E_16)
INFO:设置共指:条件1， 经营不善的宁波五洲有限公司(m_id:15, old_e_id:-1) , 五洲公司(m_id:17, old_e_id:-1)now_e_id: E_17
INFO:Sieve_Timer:relaxing_head_matching 用时: 0.06565 s

INFO:Coreference_Sieves_Order:Run <function discourse_processing at 0x7fbe84cf3500>

INFO:Sieve_Timer:discourse_processing 用时: 0.00007 s

INFO:Coreference_Sieves_Order:Run <function pronoun_sieve at 0x7fbe84cf3410>

INFO:Sieve_Timer:pronoun_sieve 用时: 0.00002 s

INFO:Coreference_Sieves_Order:Run <function other_sieve at 0x7fbe84cf3848>

INFO:Sieve_Timer:other_sieve 用时: 0.00002 s

INFO:Coreference_Sieves_Order:-------处理完毕，结果写入 /opt/tmp/DataSets/conll_test/result/cnr_0029_000.v4_result_conll-------


